<?xml version="1.0" encoding="UTF-8"?>
<testng-results skipped="0" failed="0" ignored="0" total="1" passed="1">
  <reporter-output>
  </reporter-output>
  <suite name="Suite" duration-ms="16012" started-at="2018-06-23T04:42:26Z" finished-at="2018-06-23T04:42:42Z">
    <groups>
    </groups>
    <test name="Test" duration-ms="16012" started-at="2018-06-23T04:42:26Z" finished-at="2018-06-23T04:42:42Z">
      <class name="samplegittest.SampleGitTest">
        <test-method status="PASS" signature="loginTest()[pri:0, instance:samplegittest.SampleGitTest@60285225]" name="loginTest" duration-ms="15977" started-at="2018-06-23T04:42:26Z" finished-at="2018-06-23T04:42:42Z">
          <reporter-output>
          </reporter-output>
        </test-method> <!-- loginTest -->
      </class> <!-- samplegittest.SampleGitTest -->
    </test> <!-- Test -->
  </suite> <!-- Suite -->
</testng-results>
